app/build/outputs/logs/manifest-merger-debug-report.txt
-- Merging decision tree log ---
manifest
ADDED from src\main\AndroidManifest.xml:2:1-36:12
	xmlns:android
		ADDED from src\main\AndroidManifest.xml:2:11-69
	package
		ADDED from src\main\AndroidManifest.xml:3:5-49
		INJECTED from src\main\AndroidManifest.xml
		INJECTED from src\main\AndroidManifest.xml
	android:versionName
		INJECTED from src\main\AndroidManifest.xml
		INJECTED from src\main\AndroidManifest.xml
	android:versionCode
		INJECTED from src\main\AndroidManifest.xml
		INJECTED from src\main\AndroidManifest.xml
uses-permission#android.permission.ACCESS_WIFI_STATE
ADDED from src\main\AndroidManifest.xml:5:5-76
	android:name
		ADDED from src\main\AndroidManifest.xml:5:22-73
uses-permission#android.permission.INTERNET
ADDED from src\main\AndroidManifest.xml:6:5-67
	android:name
		ADDED from src\main\AndroidManifest.xml:6:22-64
uses-permission#android.permission.ACCESS_NETWORK_STATE
ADDED from src\main\AndroidManifest.xml:7:5-79
	android:name
		ADDED from src\main\AndroidManifest.xml:7:22-76
application
ADDED from src\main\AndroidManifest.xml:9:5-34:19
MERGED from [com.android.support:appcompat-v7:23.4.0] AndroidManifest.xml:25:5-20
MERGED from [com.android.support:animated-vector-drawable:23.4.0] AndroidManifest.xml:7:5-20
MERGED from [com.android.support:support-vector-drawable:23.4.0] AndroidManifest.xml:7:5-20
MERGED from [com.android.support:support-v4:23.4.0] AndroidManifest.xml:22:5-20
MERGED from [com.android.support:support-v4:23.4.0] AndroidManifest.xml:22:5-20
MERGED from [com.android.support:support-vector-drawable:23.4.0] AndroidManifest.xml:7:5-20
MERGED from [com.android.support:support-v4:23.4.0] AndroidManifest.xml:22:5-20
	android:supportsRtl
		ADDED from src\main\AndroidManifest.xml:14:9-35
	android:label
		ADDED from src\main\AndroidManifest.xml:13:9-41
	android:allowBackup
		ADDED from src\main\AndroidManifest.xml:11:9-35
	android:icon
		ADDED from src\main\AndroidManifest.xml:12:9-33
	android:theme
		ADDED from src\main\AndroidManifest.xml:16:9-40
	android:largeHeap
		ADDED from src\main\AndroidManifest.xml:15:9-33
	android:name
		ADDED from src\main\AndroidManifest.xml:10:9-42
activity#com.example.jamie.autosearch_test1.Splash
ADDED from src\main\AndroidManifest.xml:17:9-23:20
	android:name
		ADDED from src\main\AndroidManifest.xml:17:19-41
intent-filter#android.intent.action.MAIN+android.intent.category.LAUNCHER
ADDED from src\main\AndroidManifest.xml:18:13-22:29
action#android.intent.action.MAIN
ADDED from src\main\AndroidManifest.xml:19:17-69
	android:name
		ADDED from src\main\AndroidManifest.xml:19:25-66
category#android.intent.category.LAUNCHER
ADDED from src\main\AndroidManifest.xml:21:17-77
	android:name
		ADDED from src\main\AndroidManifest.xml:21:27-74
activity#com.example.jamie.autosearch_test1.Login
ADDED from src\main\AndroidManifest.xml:24:9-43
	android:name
		ADDED from src\main\AndroidManifest.xml:24:19-40
activity#com.example.jamie.autosearch_test1.MainActivity
ADDED from src\main\AndroidManifest.xml:25:9-50
	android:name
		ADDED from src\main\AndroidManifest.xml:25:19-47
activity#com.example.jamie.autosearch_test1.HomeActivity
ADDED from src\main\AndroidManifest.xml:26:9-50
	android:name
		ADDED from src\main\AndroidManifest.xml:26:19-47
activity#com.example.jamie.autosearch_test1.PatientHistory
ADDED from src\main\AndroidManifest.xml:27:9-52
	android:name
		ADDED from src\main\AndroidManifest.xml:27:19-49
activity#com.example.jamie.autosearch_test1.ProfileActivity
ADDED from src\main\AndroidManifest.xml:28:9-53
	android:name
		ADDED from src\main\AndroidManifest.xml:28:19-50
activity#com.example.jamie.autosearch_test1.HealthScoreActivity
ADDED from src\main\AndroidManifest.xml:29:9-57
	android:name
		ADDED from src\main\AndroidManifest.xml:29:19-54
activity#com.example.jamie.autosearch_test1.ScodeDetailsActivity
ADDED from src\main\AndroidManifest.xml:30:9-58
	android:name
		ADDED from src\main\AndroidManifest.xml:30:19-55
activity#com.example.jamie.autosearch_test1.RegistrationActivity
ADDED from src\main\AndroidManifest.xml:31:9-67
	android:name
		ADDED from src\main\AndroidManifest.xml:31:19-55
uses-sdk
INJECTED from src\main\AndroidManifest.xml reason: use-sdk injection requested
MERGED from [com.android.support:appcompat-v7:23.4.0] AndroidManifest.xml:21:5-23:78
MERGED from [com.android.support:animated-vector-drawable:23.4.0] AndroidManifest.xml:5:5-44
MERGED from [com.android.support:support-vector-drawable:23.4.0] AndroidManifest.xml:5:5-43
MERGED from [com.android.support:support-v4:23.4.0] AndroidManifest.xml:20:5-43
MERGED from [com.android.support:support-v4:23.4.0] AndroidManifest.xml:20:5-43
MERGED from [com.android.support:support-vector-drawable:23.4.0] AndroidManifest.xml:5:5-43
MERGED from [com.android.support:support-v4:23.4.0] AndroidManifest.xml:20:5-43
	android:targetSdkVersion
		INJECTED from src\main\AndroidManifest.xml
		INJECTED from src\main\AndroidManifest.xml
	android:minSdkVersion
		INJECTED from src\main\AndroidManifest.xml
		INJECTED from src\main\AndroidManifest.xml
	tools:overrideLibrary
		ADDED from [com.android.support:appcompat-v7:23.4.0] AndroidManifest.xml:23:9-75